<?xml version="1.0" encoding="UTF-8"?>
<testsuite name="net.sf.javaanpr.test.testing" time="0.016" tests="1" errors="1" skipped="0" failures="0">
  <properties>
[...]
</properties>
  <testcase name="testThis[0: sort[test_001.jpg=PP587AO]={test_061.jpg=MT456BJ, test_082.jpg=RK891AU, test_039.jpg=RK892AE, test_077.jpg=RK735AS, test_012.jpg=RK291AT, test_050.jpg=BB135BO, test_028.jpg=LM633BD, test_001.jpg=PP587AO, test_066.jpg=BSE5579, test_087.jpg=RK011AM, test_017.jpg=RK876AD, test_055.jpg=NO450AM, test_006.jpg=RK099AN, test_044.jpg=RK878AC, test_033.jpg=RK082AL, test_071.jpg=1Z75233, test_092.jpg=RK373AK, test_049.jpg=KMBORAK, test_022.jpg=RK875AE, test_060.jpg=BA302OZ, test_081.jpg=RK641AL, test_038.jpg=RK340A0, test_076.jpg=4B21875, test_011.jpg=RK346AL, test_097.jpg=RK603AV, test_027.jpg=RK776AI, test_065.jpg=4B04979, test_086.jpg=RK376AF, test_016.jpg=BB751BH, test_054.jpg=RK22AH, test_005.jpg=TS260AK, test_043.jpg=DK41AH, test_059.jpg=BA302OZ, test_032.jpg=RK763AS, test_070.jpg=2T40211, test_091.jpg=RK977AF, test_048.jpg=RK161AG, test_021.jpg=RK855AP, test_080.jpg=RK003AB, test_037.jpg=RK260AR, test_075.jpg=ZA834CO, test_010.jpg=RK248AH, test_096.jpg=RK735AS, test_026.jpg=RK492AU, test_064.jpg=BZM2227, test_085.jpg=RK959AD, test_015.jpg=RK019AF, test_053.jpg=RK715AA, test_004.jpg=RK115AN, test_069.jpg=4B40262, test_042.jpg=BA28IM, test_058.jpg=RK485AF, test_031.jpg=RK619AS, test_090.jpg=RK550AO, test_009.jpg=1T43213, test_047.jpg=RK161AG, test_020.jpg=RK906AJ, test_036.jpg=RK708AI, test_074.jpg=3B29485, test_095.jpg=NO626AT, test_025.jpg=RK896AO, test_063.jpg=1B25790, test_084.jpg=PD722BF, test_079.jpg=RK959AF, test_014.jpg=RK576AH, test_052.jpg=BY649AG, test_068.jpg=1B19839, test_003.jpg=SI819AK, test_041.jpg=LM025BD, test_089.jpg=RK565AV, test_019.jpg=RK865AC, test_057.jpg=RK300AS, test_030.jpg=RK819AM, test_008.jpg=LM298AI, test_046.jpg=RK143AT, test_035.jpg=BA738DE, test_073.jpg=3B97236, test_094.jpg=RK069AV, test_024.jpg=RK026AJ, test_062.jpg=1B80338, test_083.jpg=PD935BG, test_078.jpg=RK457AS, test_013.jpg=RK857AI, test_051.jpg=RK605AB, test_029.jpg=LM010BE, test_002.jpg=RK755AJ, test_067.jpg=1B70440, test_040.jpg=RK101AO, test_088.jpg=LM169AM, test_018.jpg=RK884AL, test_056.jpg=RK300AG, test_007.jpg=RK828AG, test_045.jpg=RK878AC, test_034.jpg=SG47471, test_072.jpg=4B39376, test_093.jpg=RK301AH, test_023.jpg=RK612AL}]" classname="net.sf.javaanpr.test.testing" time="0.016">
    <error message="argument type mismatch" type="java.lang.IllegalArgumentException">java.lang.IllegalArgumentException: argument type mismatch
	at sun.reflect.NativeConstructorAccessorImpl.newInstance0(Native Method)
	at sun.reflect.NativeConstructorAccessorImpl.newInstance(NativeConstructorAccessorImpl.java:62)
	at sun.reflect.DelegatingConstructorAccessorImpl.newInstance(DelegatingConstructorAccessorImpl.java:45)
	at java.lang.reflect.Constructor.newInstance(Constructor.java:423)
	at org.junit.runners.parameterized.BlockJUnit4ClassRunnerWithParameters.createTestUsingConstructorInjection(BlockJUnit4ClassRunnerWithParameters.java:43)
	at org.junit.runners.parameterized.BlockJUnit4ClassRunnerWithParameters.createTest(BlockJUnit4ClassRunnerWithParameters.java:38)
	at org.junit.runners.BlockJUnit4ClassRunner$1.runReflectiveCall(BlockJUnit4ClassRunner.java:266)
	at org.junit.internal.runners.model.ReflectiveCallable.run(ReflectiveCallable.java:12)
	at org.junit.runners.BlockJUnit4ClassRunner.methodBlock(BlockJUnit4ClassRunner.java:263)
	at org.junit.runners.BlockJUnit4ClassRunner.runChild(BlockJUnit4ClassRunner.java:78)
	at org.junit.runners.BlockJUnit4ClassRunner.runChild(BlockJUnit4ClassRunner.java:57)
	at org.junit.runners.ParentRunner$3.run(ParentRunner.java:290)
	at org.junit.runners.ParentRunner$1.schedule(ParentRunner.java:71)
	at org.junit.runners.ParentRunner.runChildren(ParentRunner.java:288)
	at org.junit.runners.ParentRunner.access$000(ParentRunner.java:58)
	at org.junit.runners.ParentRunner$2.evaluate(ParentRunner.java:268)
	at org.junit.runners.ParentRunner.run(ParentRunner.java:363)
	at org.junit.runners.Suite.runChild(Suite.java:128)
	at org.junit.runners.Suite.runChild(Suite.java:27)
	at org.junit.runners.ParentRunner$3.run(ParentRunner.java:290)
	at org.junit.runners.ParentRunner$1.schedule(ParentRunner.java:71)
	at org.junit.runners.ParentRunner.runChildren(ParentRunner.java:288)
	at org.junit.runners.ParentRunner.access$000(ParentRunner.java:58)
	at org.junit.runners.ParentRunner$2.evaluate(ParentRunner.java:268)
	at org.junit.runners.ParentRunner.run(ParentRunner.java:363)
	at org.apache.maven.surefire.junit4.JUnit4Provider.execute(JUnit4Provider.java:264)
	at org.apache.maven.surefire.junit4.JUnit4Provider.executeTestSet(JUnit4Provider.java:153)
	at org.apache.maven.surefire.junit4.JUnit4Provider.invoke(JUnit4Provider.java:124)
	at org.apache.maven.surefire.booter.ForkedBooter.invokeProviderInSameClassLoader(ForkedBooter.java:200)
	at org.apache.maven.surefire.booter.ForkedBooter.runSuitesInProcess(ForkedBooter.java:153)
	at org.apache.maven.surefire.booter.ForkedBooter.main(ForkedBooter.java:103)
</error>
  </testcase>
</testsuite>